<?xml version="1.0" encoding="UTF-8"?>
<!-- Generated by org.testng.reporters.JUnitReportReporter -->
<testsuite hostname="SagarYenkar" failures="0" tests="4" name="qa.tests.TestCase1" time="87.987" errors="0" timestamp="2025-03-03T03:11:16 IST" skipped="0">
  <testcase classname="qa.tests.TestCase1" name="searchProductAndAdd" time="35.070"/>
  <testcase classname="qa.tests.TestCase1" name="validateNavigationBar" time="14.387"/>
  <testcase classname="qa.tests.TestCase1" name="verfyEnteringCredential" time="15.854"/>
  <testcase classname="qa.tests.TestCase1" name="EmptyCart" time="22.676"/>
</testsuite> <!-- qa.tests.TestCase1 -->
