<?xml version="1.0" encoding="UTF-8"?>
<!-- Generated by org.testng.reporters.JUnitReportReporter -->
<testsuite hostname="SagarYenkar" failures="0" tests="4" name="qa.tests.TestCase1" time="101.932" errors="0" timestamp="2025-03-04T01:44:50 IST" skipped="0">
  <testcase classname="qa.tests.TestCase1" name="searchProductAndAdd" time="37.427"/>
  <testcase classname="qa.tests.TestCase1" name="validateNavigationBar" time="9.978"/>
  <testcase classname="qa.tests.TestCase1" name="verfyEnteringCredential" time="22.744"/>
  <testcase classname="qa.tests.TestCase1" name="EmptyCart" time="31.783"/>
</testsuite> <!-- qa.tests.TestCase1 -->
