<?xml version="1.0" encoding="UTF-8"?>
<!-- Generated by org.testng.reporters.JUnitReportReporter -->
<testsuite hostname="SagarYenkar" failures="0" tests="4" name="qa.tests.TestCase1" time="121.402" errors="0" timestamp="2025-03-03T16:50:00 IST" skipped="0">
  <testcase classname="qa.tests.TestCase1" name="searchProductAndAdd" time="45.700"/>
  <testcase classname="qa.tests.TestCase1" name="validateNavigationBar" time="13.039"/>
  <testcase classname="qa.tests.TestCase1" name="verfyEnteringCredential" time="24.833"/>
  <testcase classname="qa.tests.TestCase1" name="EmptyCart" time="37.830"/>
</testsuite> <!-- qa.tests.TestCase1 -->
