<?xml version="1.0" encoding="UTF-8"?>
<!-- Generated by org.testng.reporters.JUnitReportReporter -->
<testsuite hostname="SagarYenkar" failures="0" tests="4" name="qa.tests.TestCase1" time="124.327" errors="0" timestamp="2025-03-03T19:50:29 IST" skipped="0">
  <testcase classname="qa.tests.TestCase1" name="searchProductAndAdd" time="47.780"/>
  <testcase classname="qa.tests.TestCase1" name="validateNavigationBar" time="13.296"/>
  <testcase classname="qa.tests.TestCase1" name="verfyEnteringCredential" time="22.681"/>
  <testcase classname="qa.tests.TestCase1" name="EmptyCart" time="40.570"/>
</testsuite> <!-- qa.tests.TestCase1 -->
