<?xml version="1.0" encoding="UTF-8"?>
<!-- Generated by org.testng.reporters.JUnitReportReporter -->
<testsuite hostname="SagarYenkar" failures="0" tests="4" name="qa.tests.TestCase1" time="103.665" errors="0" timestamp="2025-03-04T00:18:00 IST" skipped="0">
  <testcase classname="qa.tests.TestCase1" name="searchProductAndAdd" time="36.425"/>
  <testcase classname="qa.tests.TestCase1" name="validateNavigationBar" time="14.463"/>
  <testcase classname="qa.tests.TestCase1" name="verfyEnteringCredential" time="21.086"/>
  <testcase classname="qa.tests.TestCase1" name="EmptyCart" time="31.691"/>
</testsuite> <!-- qa.tests.TestCase1 -->
