<?xml version="1.0" encoding="UTF-8"?>
<!-- Generated by org.testng.reporters.JUnitReportReporter -->
<testsuite hostname="SagarYenkar" failures="0" tests="4" name="qa.tests.TestCase1" time="113.345" errors="0" timestamp="2025-03-03T20:50:56 IST" skipped="0">
  <testcase classname="qa.tests.TestCase1" name="searchProductAndAdd" time="41.253"/>
  <testcase classname="qa.tests.TestCase1" name="validateNavigationBar" time="13.873"/>
  <testcase classname="qa.tests.TestCase1" name="verfyEnteringCredential" time="23.387"/>
  <testcase classname="qa.tests.TestCase1" name="EmptyCart" time="34.832"/>
</testsuite> <!-- qa.tests.TestCase1 -->
