<?xml version="1.0" encoding="UTF-8"?>
<!-- Generated by org.testng.reporters.JUnitReportReporter -->
<testsuite hostname="SagarYenkar" failures="0" tests="4" name="qa.tests.TestCase1" time="78.039" errors="0" timestamp="2025-03-03T02:52:13 IST" skipped="0">
  <testcase classname="qa.tests.TestCase1" name="searchProductAndAdd" time="30.275"/>
  <testcase classname="qa.tests.TestCase1" name="validateNavigationBar" time="6.447"/>
  <testcase classname="qa.tests.TestCase1" name="verfyEnteringCredential" time="17.204"/>
  <testcase classname="qa.tests.TestCase1" name="EmptyCart" time="24.113"/>
</testsuite> <!-- qa.tests.TestCase1 -->
