<?xml version="1.0" encoding="UTF-8"?>
<!-- Generated by org.testng.reporters.JUnitReportReporter -->
<testsuite hostname="SagarYenkar" failures="0" tests="4" name="qa.tests.TestCase1" time="115.275" errors="0" timestamp="2025-03-03T21:06:15 IST" skipped="0">
  <testcase classname="qa.tests.TestCase1" name="searchProductAndAdd" time="42.600"/>
  <testcase classname="qa.tests.TestCase1" name="validateNavigationBar" time="13.876"/>
  <testcase classname="qa.tests.TestCase1" name="verfyEnteringCredential" time="23.920"/>
  <testcase classname="qa.tests.TestCase1" name="EmptyCart" time="34.879"/>
</testsuite> <!-- qa.tests.TestCase1 -->
