<?xml version="1.0" encoding="UTF-8"?>
<!-- Generated by org.testng.reporters.JUnitReportReporter -->
<testsuite hostname="SagarYenkar" failures="0" tests="4" name="qa.tests.TestCase1" time="128.690" errors="0" timestamp="2025-03-03T19:21:51 IST" skipped="0">
  <testcase classname="qa.tests.TestCase1" name="searchProductAndAdd" time="50.779"/>
  <testcase classname="qa.tests.TestCase1" name="validateNavigationBar" time="12.824"/>
  <testcase classname="qa.tests.TestCase1" name="verfyEnteringCredential" time="24.965"/>
  <testcase classname="qa.tests.TestCase1" name="EmptyCart" time="40.122"/>
</testsuite> <!-- qa.tests.TestCase1 -->
