<?xml version="1.0" encoding="UTF-8"?>
<!-- Generated by org.testng.reporters.JUnitReportReporter -->
<testsuite hostname="SagarYenkar" failures="0" tests="4" name="qa.tests.TestCase1" time="98.829" errors="0" timestamp="2025-03-03T16:12:56 IST" skipped="0">
  <testcase classname="qa.tests.TestCase1" name="searchProductAndAdd" time="38.926"/>
  <testcase classname="qa.tests.TestCase1" name="validateNavigationBar" time="11.340"/>
  <testcase classname="qa.tests.TestCase1" name="verfyEnteringCredential" time="19.046"/>
  <testcase classname="qa.tests.TestCase1" name="EmptyCart" time="29.517"/>
</testsuite> <!-- qa.tests.TestCase1 -->
