<?xml version="1.0" encoding="UTF-8"?>
<!-- Generated by org.testng.reporters.JUnitReportReporter -->
<testsuite hostname="SagarYenkar" failures="0" tests="4" name="qa.tests.TestCase1" time="127.992" errors="0" timestamp="2025-03-03T19:34:58 IST" skipped="0">
  <testcase classname="qa.tests.TestCase1" name="searchProductAndAdd" time="47.730"/>
  <testcase classname="qa.tests.TestCase1" name="validateNavigationBar" time="13.403"/>
  <testcase classname="qa.tests.TestCase1" name="verfyEnteringCredential" time="24.091"/>
  <testcase classname="qa.tests.TestCase1" name="EmptyCart" time="42.768"/>
</testsuite> <!-- qa.tests.TestCase1 -->
