<?xml version="1.0" encoding="UTF-8"?>
<!-- Generated by org.testng.reporters.JUnitReportReporter -->
<testsuite hostname="SagarYenkar" failures="0" tests="4" name="qa.tests.TestCase1" time="143.546" errors="0" timestamp="2025-03-02T19:10:05 IST" skipped="0">
  <testcase classname="qa.tests.TestCase1" name="searchProductAndAdd" time="52.597"/>
  <testcase classname="qa.tests.TestCase1" name="validateNavigationBar" time="16.527"/>
  <testcase classname="qa.tests.TestCase1" name="verfyEnteringCredential" time="33.691"/>
  <testcase classname="qa.tests.TestCase1" name="EmptyCart" time="40.731"/>
</testsuite> <!-- qa.tests.TestCase1 -->
