<?xml version="1.0" encoding="UTF-8"?>
<!-- Generated by org.testng.reporters.JUnitReportReporter -->
<testsuite hostname="SagarYenkar" failures="0" tests="4" name="qa.tests.TestCase1" time="127.085" errors="0" timestamp="2025-03-03T18:26:23 IST" skipped="0">
  <testcase classname="qa.tests.TestCase1" name="searchProductAndAdd" time="43.553"/>
  <testcase classname="qa.tests.TestCase1" name="validateNavigationBar" time="13.086"/>
  <testcase classname="qa.tests.TestCase1" name="verfyEnteringCredential" time="28.562"/>
  <testcase classname="qa.tests.TestCase1" name="EmptyCart" time="41.884"/>
</testsuite> <!-- qa.tests.TestCase1 -->
