<?xml version="1.0" encoding="UTF-8"?>
<!-- Generated by org.testng.reporters.JUnitReportReporter -->
<testsuite hostname="SagarYenkar" failures="0" tests="4" name="qa.tests.TestCase1" time="124.401" errors="0" timestamp="2025-03-03T17:34:28 IST" skipped="0">
  <testcase classname="qa.tests.TestCase1" name="searchProductAndAdd" time="44.676"/>
  <testcase classname="qa.tests.TestCase1" name="validateNavigationBar" time="12.118"/>
  <testcase classname="qa.tests.TestCase1" name="verfyEnteringCredential" time="25.554"/>
  <testcase classname="qa.tests.TestCase1" name="EmptyCart" time="42.053"/>
</testsuite> <!-- qa.tests.TestCase1 -->
