<?xml version="1.0" encoding="UTF-8"?>
<!-- Generated by org.testng.reporters.JUnitReportReporter -->
<testsuite hostname="SagarYenkar" failures="0" tests="4" name="qa.tests.TestCase1" time="118.605" errors="0" timestamp="2025-03-03T22:15:27 IST" skipped="0">
  <testcase classname="qa.tests.TestCase1" name="searchProductAndAdd" time="44.788"/>
  <testcase classname="qa.tests.TestCase1" name="validateNavigationBar" time="14.776"/>
  <testcase classname="qa.tests.TestCase1" name="verfyEnteringCredential" time="24.746"/>
  <testcase classname="qa.tests.TestCase1" name="EmptyCart" time="34.295"/>
</testsuite> <!-- qa.tests.TestCase1 -->
