<?xml version="1.0" encoding="UTF-8"?>
<!-- Generated by org.testng.reporters.JUnitReportReporter -->
<testsuite hostname="SagarYenkar" failures="0" tests="4" name="qa.tests.TestCase1" time="104.202" errors="0" timestamp="2025-03-04T00:52:11 IST" skipped="0">
  <testcase classname="qa.tests.TestCase1" name="searchProductAndAdd" time="38.963"/>
  <testcase classname="qa.tests.TestCase1" name="validateNavigationBar" time="10.147"/>
  <testcase classname="qa.tests.TestCase1" name="verfyEnteringCredential" time="25.252"/>
  <testcase classname="qa.tests.TestCase1" name="EmptyCart" time="29.840"/>
</testsuite> <!-- qa.tests.TestCase1 -->
