<?xml version="1.0" encoding="UTF-8"?>
<!-- Generated by org.testng.reporters.JUnitReportReporter -->
<testsuite hostname="SagarYenkar" failures="0" tests="4" name="qa.tests.TestCase1" time="108.695" errors="0" timestamp="2025-03-03T15:52:37 IST" skipped="0">
  <testcase classname="qa.tests.TestCase1" name="searchProductAndAdd" time="36.482"/>
  <testcase classname="qa.tests.TestCase1" name="validateNavigationBar" time="24.147"/>
  <testcase classname="qa.tests.TestCase1" name="verfyEnteringCredential" time="17.956"/>
  <testcase classname="qa.tests.TestCase1" name="EmptyCart" time="30.110"/>
</testsuite> <!-- qa.tests.TestCase1 -->
