<?xml version="1.0" encoding="UTF-8"?>
<!-- Generated by org.testng.reporters.JUnitReportReporter -->
<testsuite hostname="SagarYenkar" failures="0" tests="4" name="qa.tests.TestCase1" time="317.528" errors="0" timestamp="2025-03-02T20:21:41 IST" skipped="0">
  <testcase classname="qa.tests.TestCase1" name="searchProductAndAdd" time="146.886"/>
  <testcase classname="qa.tests.TestCase1" name="validateNavigationBar" time="54.435"/>
  <testcase classname="qa.tests.TestCase1" name="verfyEnteringCredential" time="43.368"/>
  <testcase classname="qa.tests.TestCase1" name="EmptyCart" time="72.839"/>
</testsuite> <!-- qa.tests.TestCase1 -->
