<?xml version="1.0" encoding="UTF-8"?>
<!-- Generated by org.testng.reporters.JUnitReportReporter -->
<testsuite hostname="SagarYenkar" failures="0" tests="4" name="qa.tests.TestCase1" time="133.594" errors="0" timestamp="2025-03-03T18:47:24 IST" skipped="0">
  <testcase classname="qa.tests.TestCase1" name="searchProductAndAdd" time="51.243"/>
  <testcase classname="qa.tests.TestCase1" name="validateNavigationBar" time="12.946"/>
  <testcase classname="qa.tests.TestCase1" name="verfyEnteringCredential" time="25.220"/>
  <testcase classname="qa.tests.TestCase1" name="EmptyCart" time="44.185"/>
</testsuite> <!-- qa.tests.TestCase1 -->
