<?xml version="1.0" encoding="UTF-8"?>
<!-- Generated by org.testng.reporters.JUnitReportReporter -->
<testsuite hostname="SagarYenkar" failures="0" tests="4" name="qa.tests.TestCase1" time="103.048" errors="0" timestamp="2025-03-04T00:43:11 IST" skipped="0">
  <testcase classname="qa.tests.TestCase1" name="searchProductAndAdd" time="37.579"/>
  <testcase classname="qa.tests.TestCase1" name="validateNavigationBar" time="9.782"/>
  <testcase classname="qa.tests.TestCase1" name="verfyEnteringCredential" time="23.948"/>
  <testcase classname="qa.tests.TestCase1" name="EmptyCart" time="31.739"/>
</testsuite> <!-- qa.tests.TestCase1 -->
