<?xml version="1.0" encoding="UTF-8"?>
<!-- Generated by org.testng.reporters.JUnitReportReporter -->
<testsuite hostname="SagarYenkar" failures="0" tests="4" name="qa.tests.TestCase1" time="88.464" errors="0" timestamp="2025-03-02T22:43:09 IST" skipped="0">
  <testcase classname="qa.tests.TestCase1" name="searchProductAndAdd" time="31.036"/>
  <testcase classname="qa.tests.TestCase1" name="validateNavigationBar" time="9.333"/>
  <testcase classname="qa.tests.TestCase1" name="verfyEnteringCredential" time="21.183"/>
  <testcase classname="qa.tests.TestCase1" name="EmptyCart" time="26.912"/>
</testsuite> <!-- qa.tests.TestCase1 -->
