<?xml version="1.0" encoding="UTF-8"?>
<!-- Generated by org.testng.reporters.JUnitReportReporter -->
<testsuite hostname="SagarYenkar" failures="0" tests="4" name="qa.tests.TestCase1" time="90.907" errors="0" timestamp="2025-03-03T01:43:49 IST" skipped="0">
  <testcase classname="qa.tests.TestCase1" name="searchProductAndAdd" time="32.055"/>
  <testcase classname="qa.tests.TestCase1" name="validateNavigationBar" time="9.164"/>
  <testcase classname="qa.tests.TestCase1" name="verfyEnteringCredential" time="22.428"/>
  <testcase classname="qa.tests.TestCase1" name="EmptyCart" time="27.260"/>
</testsuite> <!-- qa.tests.TestCase1 -->
