<?xml version="1.0" encoding="UTF-8"?>
<!-- Generated by org.testng.reporters.JUnitReportReporter -->
<testsuite hostname="SagarYenkar" failures="0" tests="4" name="qa.tests.TestCase1" time="79.440" errors="0" timestamp="2025-03-03T02:20:25 IST" skipped="0">
  <testcase classname="qa.tests.TestCase1" name="searchProductAndAdd" time="29.903"/>
  <testcase classname="qa.tests.TestCase1" name="validateNavigationBar" time="7.758"/>
  <testcase classname="qa.tests.TestCase1" name="verfyEnteringCredential" time="18.078"/>
  <testcase classname="qa.tests.TestCase1" name="EmptyCart" time="23.701"/>
</testsuite> <!-- qa.tests.TestCase1 -->
