<?xml version="1.0" encoding="UTF-8"?>
<!-- Generated by org.testng.reporters.JUnitReportReporter -->
<testsuite hostname="SagarYenkar" failures="0" tests="4" name="qa.tests.TestCase1" time="81.604" errors="0" timestamp="2025-03-03T01:02:53 IST" skipped="0">
  <testcase classname="qa.tests.TestCase1" name="searchProductAndAdd" time="29.325"/>
  <testcase classname="qa.tests.TestCase1" name="validateNavigationBar" time="7.560"/>
  <testcase classname="qa.tests.TestCase1" name="verfyEnteringCredential" time="19.989"/>
  <testcase classname="qa.tests.TestCase1" name="EmptyCart" time="24.730"/>
</testsuite> <!-- qa.tests.TestCase1 -->
