<?xml version="1.0" encoding="UTF-8"?>
<!-- Generated by org.testng.reporters.JUnitReportReporter -->
<testsuite hostname="SagarYenkar" failures="0" tests="4" name="qa.tests.TestCase1" time="82.101" errors="0" timestamp="2025-03-03T00:43:10 IST" skipped="0">
  <testcase classname="qa.tests.TestCase1" name="searchProductAndAdd" time="30.727"/>
  <testcase classname="qa.tests.TestCase1" name="validateNavigationBar" time="8.190"/>
  <testcase classname="qa.tests.TestCase1" name="verfyEnteringCredential" time="17.591"/>
  <testcase classname="qa.tests.TestCase1" name="EmptyCart" time="25.593"/>
</testsuite> <!-- qa.tests.TestCase1 -->
